Arguments: 
  /opt/homebrew/Cellar/node/20.5.1/bin/node /opt/homebrew/bin/yarn add @types/node typescrip @solana/web3.js bs58

PATH: 
  /Users/ninanongsoth/.yarn/bin:/Users/ninanongsoth/.yarn/bin:/opt/homebrew/bin:/opt/homebrew/sbin:/usr/local/bin:/usr/bin:/bin:/usr/sbin:/sbin:/Users/ninanongsoth/.cargo/bin

Yarn version: 
  1.22.19

Node version: 
  20.5.1

Platform: 
  darwin arm64

Trace: 
  Error: https://registry.yarnpkg.com/typescrip: Not found
      at params.callback [as _callback] (/opt/homebrew/lib/node_modules/yarn/lib/cli.js:66145:18)
      at self.callback (/opt/homebrew/lib/node_modules/yarn/lib/cli.js:140890:22)
      at Request.emit (node:events:514:28)
      at Request.<anonymous> (/opt/homebrew/lib/node_modules/yarn/lib/cli.js:141862:10)
      at Request.emit (node:events:514:28)
      at IncomingMessage.<anonymous> (/opt/homebrew/lib/node_modules/yarn/lib/cli.js:141784:12)
      at Object.onceWrapper (node:events:628:28)
      at IncomingMessage.emit (node:events:526:35)
      at endReadableNT (node:internal/streams/readable:1376:12)
      at process.processTicksAndRejections (node:internal/process/task_queues:82:21)

npm manifest: 
  {
    "name": "airdrop",
    "version": "1.0.0",
    "description": "airdrop lesson with web3alliance",
    "main": "index.js",
    "author": "Bunchhieng",
    "license": "MIT"
  }

yarn manifest: 
  No manifest

Lockfile: 
  No lockfile
